<?xml version="1.0" encoding="UTF-8"?>
<!-- Generated by org.testng.reporters.JUnitXMLReporter -->
<testsuite ignored="0" hostname="DESKTOP-Q61D2AJ" failures="0" tests="5" name="Surefire test" time="0.075" errors="0" timestamp="2023-11-04T10:03:56 IST">
  <testcase classname="com.lbrce.finalmodule.UserVerificationTest" name="testcase1" time="0.021"/>
  <testcase classname="com.lbrce.finalmodule.UserVerificationTest" name="testcase2" time="0.0"/>
  <testcase classname="com.lbrce.finalmodule.UserVerificationTest" name="testcase3" time="0.001"/>
  <testcase classname="com.lbrce.finalmodule.UserVerificationTest" name="testcase4" time="0.001"/>
  <testcase classname="com.lbrce.finalmodule.UserVerificationTest" name="testcase5" time="0.0"/>
</testsuite> <!-- Surefire test -->
