<?xml version="1.0" encoding="UTF-8"?>
<testng-results ignored="0" total="5" passed="5" failed="0" skipped="0">
  <reporter-output>
  </reporter-output>
  <suite started-at="2023-11-04T10:03:56 IST" name="Surefire suite" finished-at="2023-11-04T10:03:56 IST" duration-ms="75">
    <groups>
    </groups>
    <test started-at="2023-11-04T10:03:56 IST" name="Surefire test" finished-at="2023-11-04T10:03:56 IST" duration-ms="75">
      <class name="com.lbrce.finalmodule.UserVerificationTest">
        <test-method signature="testcase1()[pri:0, instance:com.lbrce.finalmodule.UserVerificationTest@6e509ffa]" started-at="2023-11-04T10:03:56 IST" name="testcase1" finished-at="2023-11-04T10:03:56 IST" duration-ms="21" status="PASS">
          <reporter-output>
          </reporter-output>
        </test-method> <!-- testcase1 -->
        <test-method signature="testcase2()[pri:0, instance:com.lbrce.finalmodule.UserVerificationTest@6e509ffa]" started-at="2023-11-04T10:03:56 IST" name="testcase2" finished-at="2023-11-04T10:03:56 IST" duration-ms="0" status="PASS">
          <reporter-output>
          </reporter-output>
        </test-method> <!-- testcase2 -->
        <test-method signature="testcase3()[pri:0, instance:com.lbrce.finalmodule.UserVerificationTest@6e509ffa]" started-at="2023-11-04T10:03:56 IST" name="testcase3" finished-at="2023-11-04T10:03:56 IST" duration-ms="1" status="PASS">
          <reporter-output>
          </reporter-output>
        </test-method> <!-- testcase3 -->
        <test-method signature="testcase4()[pri:0, instance:com.lbrce.finalmodule.UserVerificationTest@6e509ffa]" started-at="2023-11-04T10:03:56 IST" name="testcase4" finished-at="2023-11-04T10:03:56 IST" duration-ms="1" status="PASS">
          <reporter-output>
          </reporter-output>
        </test-method> <!-- testcase4 -->
        <test-method signature="testcase5()[pri:0, instance:com.lbrce.finalmodule.UserVerificationTest@6e509ffa]" started-at="2023-11-04T10:03:56 IST" name="testcase5" finished-at="2023-11-04T10:03:56 IST" duration-ms="0" status="PASS">
          <reporter-output>
          </reporter-output>
        </test-method> <!-- testcase5 -->
      </class> <!-- com.lbrce.finalmodule.UserVerificationTest -->
    </test> <!-- Surefire test -->
  </suite> <!-- Surefire suite -->
</testng-results>
